\BOOKMARK [0][-]{chapter.1}{\376\377\000H\000i\000e\000r\000a\000r\000c\000h\000i\000c\000a\000l\000\040\000I\000n\000d\000e\000x}{}% 1
\BOOKMARK [1][-]{section.1.1}{\376\377\000C\000l\000a\000s\000s\000\040\000H\000i\000e\000r\000a\000r\000c\000h\000y}{chapter.1}% 2
\BOOKMARK [0][-]{chapter.2}{\376\377\000C\000l\000a\000s\000s\000\040\000I\000n\000d\000e\000x}{}% 3
\BOOKMARK [1][-]{section.2.1}{\376\377\000C\000l\000a\000s\000s\000\040\000L\000i\000s\000t}{chapter.2}% 4
\BOOKMARK [0][-]{chapter.3}{\376\377\000C\000l\000a\000s\000s\000\040\000D\000o\000c\000u\000m\000e\000n\000t\000a\000t\000i\000o\000n}{}% 5
\BOOKMARK [1][-]{section.3.1}{\376\377\000p\000a\000c\000p\000u\000s\000:\000:\000\137\000s\000c\000a\000n\000C\000f\000g\000\040\000S\000t\000r\000u\000c\000t\000\040\000R\000e\000f\000e\000r\000e\000n\000c\000e}{chapter.3}% 6
\BOOKMARK [2][-]{subsection.3.1.1}{\376\377\000D\000e\000t\000a\000i\000l\000e\000d\000\040\000D\000e\000s\000c\000r\000i\000p\000t\000i\000o\000n}{section.3.1}% 7
\BOOKMARK [1][-]{section.3.2}{\376\377\000p\000a\000c\000p\000u\000s\000:\000:\000\137\000s\000c\000a\000n\000D\000a\000t\000a\000\040\000S\000t\000r\000u\000c\000t\000\040\000R\000e\000f\000e\000r\000e\000n\000c\000e}{chapter.3}% 8
\BOOKMARK [2][-]{subsection.3.2.1}{\376\377\000D\000e\000t\000a\000i\000l\000e\000d\000\040\000D\000e\000s\000c\000r\000i\000p\000t\000i\000o\000n}{section.3.2}% 9
\BOOKMARK [1][-]{section.3.3}{\376\377\000p\000a\000c\000p\000u\000s\000:\000:\000A\000b\000s\000t\000r\000a\000c\000t\000S\000i\000c\000k\000S\000e\000n\000s\000o\000r\000\040\000C\000l\000a\000s\000s\000\040\000R\000e\000f\000e\000r\000e\000n\000c\000e}{chapter.3}% 10
\BOOKMARK [2][-]{subsection.3.3.1}{\376\377\000D\000e\000t\000a\000i\000l\000e\000d\000\040\000D\000e\000s\000c\000r\000i\000p\000t\000i\000o\000n}{section.3.3}% 11
\BOOKMARK [2][-]{subsection.3.3.2}{\376\377\000M\000e\000m\000b\000e\000r\000\040\000F\000u\000n\000c\000t\000i\000o\000n\000\040\000D\000o\000c\000u\000m\000e\000n\000t\000a\000t\000i\000o\000n}{section.3.3}% 12
\BOOKMARK [3][-]{subsubsection.3.3.2.1}{\376\377\000c\000u\000s\000t\000o\000m\000E\000v\000e\000n\000t}{subsection.3.3.2}% 13
\BOOKMARK [3][-]{subsubsection.3.3.2.2}{\376\377\000s\000t\000a\000r\000t\000A\000c\000t\000i\000v\000i\000t\000y}{subsection.3.3.2}% 14
\BOOKMARK [3][-]{subsubsection.3.3.2.3}{\376\377\000s\000t\000o\000p\000A\000c\000t\000i\000v\000i\000t\000y}{subsection.3.3.2}% 15
\BOOKMARK [1][-]{section.3.4}{\376\377\000p\000a\000c\000p\000u\000s\000:\000:\000D\000a\000t\000a\000H\000e\000a\000d\000e\000r\000\040\000S\000t\000r\000u\000c\000t\000\040\000R\000e\000f\000e\000r\000e\000n\000c\000e}{chapter.3}% 16
\BOOKMARK [2][-]{subsection.3.4.1}{\376\377\000D\000e\000t\000a\000i\000l\000e\000d\000\040\000D\000e\000s\000c\000r\000i\000p\000t\000i\000o\000n}{section.3.4}% 17
\BOOKMARK [2][-]{subsection.3.4.2}{\376\377\000M\000e\000m\000b\000e\000r\000\040\000D\000a\000t\000a\000\040\000D\000o\000c\000u\000m\000e\000n\000t\000a\000t\000i\000o\000n}{section.3.4}% 18
\BOOKMARK [3][-]{subsubsection.3.4.2.1}{\376\377\000d\000a\000t\000a\000T\000y\000p\000e}{subsection.3.4.2}% 19
\BOOKMARK [1][-]{section.3.5}{\376\377\000p\000a\000c\000p\000u\000s\000:\000:\000M\000e\000s\000s\000a\000g\000e\000L\000D\000M\000R\000S\000\040\000C\000l\000a\000s\000s\000\040\000R\000e\000f\000e\000r\000e\000n\000c\000e}{chapter.3}% 20
\BOOKMARK [2][-]{subsection.3.5.1}{\376\377\000D\000e\000t\000a\000i\000l\000e\000d\000\040\000D\000e\000s\000c\000r\000i\000p\000t\000i\000o\000n}{section.3.5}% 21
\BOOKMARK [2][-]{subsection.3.5.2}{\376\377\000M\000e\000m\000b\000e\000r\000\040\000D\000a\000t\000a\000\040\000D\000o\000c\000u\000m\000e\000n\000t\000a\000t\000i\000o\000n}{section.3.5}% 22
\BOOKMARK [3][-]{subsubsection.3.5.2.1}{\376\377\000b\000o\000d\000y}{subsection.3.5.2}% 23
\BOOKMARK [1][-]{section.3.6}{\376\377\000p\000a\000c\000p\000u\000s\000:\000:\000M\000e\000s\000s\000a\000g\000e\000L\000M\000S\000\040\000C\000l\000a\000s\000s\000\040\000R\000e\000f\000e\000r\000e\000n\000c\000e}{chapter.3}% 24
\BOOKMARK [2][-]{subsection.3.6.1}{\376\377\000D\000e\000t\000a\000i\000l\000e\000d\000\040\000D\000e\000s\000c\000r\000i\000p\000t\000i\000o\000n}{section.3.6}% 25
\BOOKMARK [1][-]{section.3.7}{\376\377\000p\000a\000c\000p\000u\000s\000:\000:\000M\000e\000s\000s\000a\000g\000e\000P\000a\000c\000k\000e\000t\000\040\000S\000t\000r\000u\000c\000t\000\040\000R\000e\000f\000e\000r\000e\000n\000c\000e}{chapter.3}% 26
\BOOKMARK [2][-]{subsection.3.7.1}{\376\377\000D\000e\000t\000a\000i\000l\000e\000d\000\040\000D\000e\000s\000c\000r\000i\000p\000t\000i\000o\000n}{section.3.7}% 27
\BOOKMARK [1][-]{section.3.8}{\376\377\000p\000a\000c\000p\000u\000s\000:\000:\000S\000c\000a\000n\000H\000e\000a\000d\000e\000r\000\040\000S\000t\000r\000u\000c\000t\000\040\000R\000e\000f\000e\000r\000e\000n\000c\000e}{chapter.3}% 28
\BOOKMARK [2][-]{subsection.3.8.1}{\376\377\000D\000e\000t\000a\000i\000l\000e\000d\000\040\000D\000e\000s\000c\000r\000i\000p\000t\000i\000o\000n}{section.3.8}% 29
\BOOKMARK [2][-]{subsection.3.8.2}{\376\377\000M\000e\000m\000b\000e\000r\000\040\000D\000a\000t\000a\000\040\000D\000o\000c\000u\000m\000e\000n\000t\000a\000t\000i\000o\000n}{section.3.8}% 30
\BOOKMARK [3][-]{subsubsection.3.8.2.1}{\376\377\000n\000u\000m\000P\000o\000i\000n\000t\000s}{subsection.3.8.2}% 31
\BOOKMARK [3][-]{subsubsection.3.8.2.2}{\376\377\000s\000c\000a\000n\000n\000e\000r\000S\000t\000a\000t\000u\000s}{subsection.3.8.2}% 32
\BOOKMARK [1][-]{section.3.9}{\376\377\000p\000a\000c\000p\000u\000s\000:\000:\000S\000c\000a\000n\000O\000b\000j\000e\000c\000t\000\040\000S\000t\000r\000u\000c\000t\000\040\000R\000e\000f\000e\000r\000e\000n\000c\000e}{chapter.3}% 33
\BOOKMARK [2][-]{subsection.3.9.1}{\376\377\000D\000e\000t\000a\000i\000l\000e\000d\000\040\000D\000e\000s\000c\000r\000i\000p\000t\000i\000o\000n}{section.3.9}% 34
\BOOKMARK [1][-]{section.3.10}{\376\377\000p\000a\000c\000p\000u\000s\000:\000:\000S\000c\000a\000n\000P\000o\000i\000n\000t\000\040\000S\000t\000r\000u\000c\000t\000\040\000R\000e\000f\000e\000r\000e\000n\000c\000e}{chapter.3}% 35
\BOOKMARK [2][-]{subsection.3.10.1}{\376\377\000D\000e\000t\000a\000i\000l\000e\000d\000\040\000D\000e\000s\000c\000r\000i\000p\000t\000i\000o\000n}{section.3.10}% 36
\BOOKMARK [2][-]{subsection.3.10.2}{\376\377\000M\000e\000m\000b\000e\000r\000\040\000D\000a\000t\000a\000\040\000D\000o\000c\000u\000m\000e\000n\000t\000a\000t\000i\000o\000n}{section.3.10}% 37
\BOOKMARK [3][-]{subsubsection.3.10.2.1}{\376\377\000a\000n\000g\000l\000e}{subsection.3.10.2}% 38
\BOOKMARK [3][-]{subsubsection.3.10.2.2}{\376\377\000l\000a\000y\000e\000r\000E\000c\000h\000o}{subsection.3.10.2}% 39
\BOOKMARK [1][-]{section.3.11}{\376\377\000p\000a\000c\000p\000u\000s\000:\000:\000S\000i\000c\000k\000C\000o\000m\000p\000o\000n\000e\000n\000t\000\040\000C\000l\000a\000s\000s\000\040\000R\000e\000f\000e\000r\000e\000n\000c\000e}{chapter.3}% 40
\BOOKMARK [2][-]{subsection.3.11.1}{\376\377\000D\000e\000t\000a\000i\000l\000e\000d\000\040\000D\000e\000s\000c\000r\000i\000p\000t\000i\000o\000n}{section.3.11}% 41
\BOOKMARK [2][-]{subsection.3.11.2}{\376\377\000M\000e\000m\000b\000e\000r\000\040\000F\000u\000n\000c\000t\000i\000o\000n\000\040\000D\000o\000c\000u\000m\000e\000n\000t\000a\000t\000i\000o\000n}{section.3.11}% 42
\BOOKMARK [3][-]{subsubsection.3.11.2.1}{\376\377\000c\000o\000n\000f\000i\000g\000u\000r\000e\000C\000o\000m\000p\000o\000n\000e\000n\000t}{subsection.3.11.2}% 43
\BOOKMARK [3][-]{subsubsection.3.11.2.2}{\376\377\000s\000t\000a\000r\000t\000A\000c\000t\000i\000v\000i\000t\000y}{subsection.3.11.2}% 44
\BOOKMARK [3][-]{subsubsection.3.11.2.3}{\376\377\000s\000t\000o\000p\000A\000c\000t\000i\000v\000i\000t\000y}{subsection.3.11.2}% 45
\BOOKMARK [1][-]{section.3.12}{\376\377\000p\000a\000c\000p\000u\000s\000:\000:\000S\000i\000c\000k\000F\000r\000a\000m\000e\000\040\000C\000l\000a\000s\000s\000\040\000R\000e\000f\000e\000r\000e\000n\000c\000e}{chapter.3}% 46
\BOOKMARK [2][-]{subsection.3.12.1}{\376\377\000D\000e\000t\000a\000i\000l\000e\000d\000\040\000D\000e\000s\000c\000r\000i\000p\000t\000i\000o\000n}{section.3.12}% 47
\BOOKMARK [1][-]{section.3.13}{\376\377\000p\000a\000c\000p\000u\000s\000:\000:\000S\000i\000c\000k\000F\000r\000a\000m\000e\000E\000v\000e\000n\000t\000\040\000C\000l\000a\000s\000s\000\040\000R\000e\000f\000e\000r\000e\000n\000c\000e}{chapter.3}% 48
\BOOKMARK [2][-]{subsection.3.13.1}{\376\377\000D\000e\000t\000a\000i\000l\000e\000d\000\040\000D\000e\000s\000c\000r\000i\000p\000t\000i\000o\000n}{section.3.13}% 49
\BOOKMARK [1][-]{section.3.14}{\376\377\000p\000a\000c\000p\000u\000s\000:\000:\000S\000i\000c\000k\000L\000D\000M\000R\000S\000\137\000d\000b\000t\000\040\000S\000t\000r\000u\000c\000t\000\040\000R\000e\000f\000e\000r\000e\000n\000c\000e}{chapter.3}% 50
\BOOKMARK [2][-]{subsection.3.14.1}{\376\377\000D\000e\000t\000a\000i\000l\000e\000d\000\040\000D\000e\000s\000c\000r\000i\000p\000t\000i\000o\000n}{section.3.14}% 51
\BOOKMARK [2][-]{subsection.3.14.2}{\376\377\000M\000e\000m\000b\000e\000r\000\040\000D\000a\000t\000a\000\040\000D\000o\000c\000u\000m\000e\000n\000t\000a\000t\000i\000o\000n}{section.3.14}% 52
\BOOKMARK [3][-]{subsubsection.3.14.2.1}{\376\377\000h\000S\000c\000a\000n}{subsection.3.14.2}% 53
\BOOKMARK [1][-]{section.3.15}{\376\377\000p\000a\000c\000p\000u\000s\000:\000:\000S\000i\000c\000k\000L\000D\000M\000R\000S\000S\000e\000n\000s\000o\000r\000\040\000C\000l\000a\000s\000s\000\040\000R\000e\000f\000e\000r\000e\000n\000c\000e}{chapter.3}% 54
\BOOKMARK [2][-]{subsection.3.15.1}{\376\377\000D\000e\000t\000a\000i\000l\000e\000d\000\040\000D\000e\000s\000c\000r\000i\000p\000t\000i\000o\000n}{section.3.15}% 55
\BOOKMARK [2][-]{subsection.3.15.2}{\376\377\000C\000o\000n\000s\000t\000r\000u\000c\000t\000o\000r\000\040\000\046\000\040\000D\000e\000s\000t\000r\000u\000c\000t\000o\000r\000\040\000D\000o\000c\000u\000m\000e\000n\000t\000a\000t\000i\000o\000n}{section.3.15}% 56
\BOOKMARK [3][-]{subsubsection.3.15.2.1}{\376\377\000S\000i\000c\000k\000L\000D\000M\000R\000S\000S\000e\000n\000s\000o\000r}{subsection.3.15.2}% 57
\BOOKMARK [2][-]{subsection.3.15.3}{\376\377\000M\000e\000m\000b\000e\000r\000\040\000F\000u\000n\000c\000t\000i\000o\000n\000\040\000D\000o\000c\000u\000m\000e\000n\000t\000a\000t\000i\000o\000n}{section.3.15}% 58
\BOOKMARK [3][-]{subsubsection.3.15.3.1}{\376\377\000c\000u\000s\000t\000o\000m\000E\000v\000e\000n\000t}{subsection.3.15.3}% 59
\BOOKMARK [3][-]{subsubsection.3.15.3.2}{\376\377\000f\000i\000n\000d\000M\000a\000g\000i\000c\000W\000o\000r\000d}{subsection.3.15.3}% 60
\BOOKMARK [3][-]{subsubsection.3.15.3.3}{\376\377\000g\000e\000t\000M\000e\000s\000s\000a\000g\000e\000S\000i\000z\000e}{subsection.3.15.3}% 61
\BOOKMARK [3][-]{subsubsection.3.15.3.4}{\376\377\000i\000s\000M\000e\000s\000s\000a\000g\000e\000C\000o\000m\000p\000l\000e\000t\000e}{subsection.3.15.3}% 62
\BOOKMARK [3][-]{subsubsection.3.15.3.5}{\376\377\000p\000r\000o\000c\000e\000s\000s\000M\000e\000s\000s\000a\000g\000e}{subsection.3.15.3}% 63
\BOOKMARK [3][-]{subsubsection.3.15.3.6}{\376\377\000s\000p\000l\000i\000t\000P\000a\000c\000k\000e\000t}{subsection.3.15.3}% 64
\BOOKMARK [3][-]{subsubsection.3.15.3.7}{\376\377\000s\000t\000a\000r\000t\000A\000c\000t\000i\000v\000i\000t\000y}{subsection.3.15.3}% 65
\BOOKMARK [3][-]{subsubsection.3.15.3.8}{\376\377\000s\000t\000o\000p\000A\000c\000t\000i\000v\000i\000t\000y}{subsection.3.15.3}% 66
\BOOKMARK [1][-]{section.3.16}{\376\377\000p\000a\000c\000p\000u\000s\000:\000:\000S\000i\000c\000k\000L\000M\000S\000\137\000d\000b\000t\000\040\000S\000t\000r\000u\000c\000t\000\040\000R\000e\000f\000e\000r\000e\000n\000c\000e}{chapter.3}% 67
\BOOKMARK [2][-]{subsection.3.16.1}{\376\377\000M\000e\000m\000b\000e\000r\000\040\000D\000a\000t\000a\000\040\000D\000o\000c\000u\000m\000e\000n\000t\000a\000t\000i\000o\000n}{section.3.16}% 68
\BOOKMARK [3][-]{subsubsection.3.16.1.1}{\376\377\000s\000c\000a\000n\000n\000e\000r\000S\000t\000a\000t\000u\000s}{subsection.3.16.1}% 69
\BOOKMARK [1][-]{section.3.17}{\376\377\000p\000a\000c\000p\000u\000s\000:\000:\000S\000i\000c\000k\000L\000M\000S\000S\000e\000n\000s\000o\000r\000\040\000C\000l\000a\000s\000s\000\040\000R\000e\000f\000e\000r\000e\000n\000c\000e}{chapter.3}% 70
\BOOKMARK [2][-]{subsection.3.17.1}{\376\377\000D\000e\000t\000a\000i\000l\000e\000d\000\040\000D\000e\000s\000c\000r\000i\000p\000t\000i\000o\000n}{section.3.17}% 71
\BOOKMARK [2][-]{subsection.3.17.2}{\376\377\000C\000o\000n\000s\000t\000r\000u\000c\000t\000o\000r\000\040\000\046\000\040\000D\000e\000s\000t\000r\000u\000c\000t\000o\000r\000\040\000D\000o\000c\000u\000m\000e\000n\000t\000a\000t\000i\000o\000n}{section.3.17}% 72
\BOOKMARK [3][-]{subsubsection.3.17.2.1}{\376\377\000S\000i\000c\000k\000L\000M\000S\000S\000e\000n\000s\000o\000r}{subsection.3.17.2}% 73
\BOOKMARK [2][-]{subsection.3.17.3}{\376\377\000M\000e\000m\000b\000e\000r\000\040\000F\000u\000n\000c\000t\000i\000o\000n\000\040\000D\000o\000c\000u\000m\000e\000n\000t\000a\000t\000i\000o\000n}{section.3.17}% 74
\BOOKMARK [3][-]{subsubsection.3.17.3.1}{\376\377\000c\000u\000s\000t\000o\000m\000E\000v\000e\000n\000t}{subsection.3.17.3}% 75
\BOOKMARK [3][-]{subsubsection.3.17.3.2}{\376\377\000i\000s\000M\000e\000s\000s\000a\000g\000e\000C\000o\000m\000p\000l\000e\000t\000e}{subsection.3.17.3}% 76
\BOOKMARK [3][-]{subsubsection.3.17.3.3}{\376\377\000p\000r\000o\000c\000e\000s\000s\000S\000c\000a\000n\000D\000a\000t\000a}{subsection.3.17.3}% 77
\BOOKMARK [3][-]{subsubsection.3.17.3.4}{\376\377\000r\000e\000c\000o\000n\000s\000t\000i\000t\000u\000t\000e\000M\000e\000s\000s\000a\000g\000e}{subsection.3.17.3}% 78
\BOOKMARK [3][-]{subsubsection.3.17.3.5}{\376\377\000s\000t\000a\000r\000t\000A\000c\000t\000i\000v\000i\000t\000y}{subsection.3.17.3}% 79
\BOOKMARK [3][-]{subsubsection.3.17.3.6}{\376\377\000s\000t\000o\000p\000A\000c\000t\000i\000v\000i\000t\000y}{subsection.3.17.3}% 80
\BOOKMARK [1][-]{section.3.18}{\376\377\000S\000i\000c\000k\000P\000l\000u\000g\000i\000n\000\040\000C\000l\000a\000s\000s\000\040\000R\000e\000f\000e\000r\000e\000n\000c\000e}{chapter.3}% 81
\BOOKMARK [2][-]{subsection.3.18.1}{\376\377\000D\000e\000t\000a\000i\000l\000e\000d\000\040\000D\000e\000s\000c\000r\000i\000p\000t\000i\000o\000n}{section.3.18}% 82
\BOOKMARK [1][-]{section.3.19}{\376\377\000p\000a\000c\000p\000u\000s\000:\000:\000S\000i\000c\000k\000S\000o\000c\000k\000e\000t\000\040\000C\000l\000a\000s\000s\000\040\000R\000e\000f\000e\000r\000e\000n\000c\000e}{chapter.3}% 83
\BOOKMARK [2][-]{subsection.3.19.1}{\376\377\000D\000e\000t\000a\000i\000l\000e\000d\000\040\000D\000e\000s\000c\000r\000i\000p\000t\000i\000o\000n}{section.3.19}% 84
\BOOKMARK [2][-]{subsection.3.19.2}{\376\377\000M\000e\000m\000b\000e\000r\000\040\000F\000u\000n\000c\000t\000i\000o\000n\000\040\000D\000o\000c\000u\000m\000e\000n\000t\000a\000t\000i\000o\000n}{section.3.19}% 85
\BOOKMARK [3][-]{subsubsection.3.19.2.1}{\376\377\000s\000e\000n\000d\000T\000o\000S\000e\000r\000v\000e\000r}{subsection.3.19.2}% 86
\BOOKMARK [3][-]{subsubsection.3.19.2.2}{\376\377\000s\000o\000c\000k\000e\000t\000C\000o\000n\000n\000e\000c\000t\000i\000o\000n\000C\000l\000o\000s\000e\000d}{subsection.3.19.2}% 87
\BOOKMARK [3][-]{subsubsection.3.19.2.3}{\376\377\000s\000o\000c\000k\000e\000t\000R\000e\000a\000d\000y\000R\000e\000a\000d}{subsection.3.19.2}% 88
\BOOKMARK [-1][-]{section*.37}{\376\377\000I\000n\000d\000e\000x}{}% 89
